[2024-06-18 19:14:56,327][kivy][INFO] - Window: Provider: sdl2
[2024-06-18 19:15:01,353][kivy][INFO] - GL: Using the "OpenGL" graphics system
[2024-06-18 19:15:01,355][kivy][INFO] - GL: Backend used <sdl2>
[2024-06-18 19:15:01,356][kivy][INFO] - GL: OpenGL version <b'3.1 Mesa 20.3.5'>
[2024-06-18 19:15:01,357][kivy][INFO] - GL: OpenGL vendor <b'Mesa/X.org'>
[2024-06-18 19:15:01,358][kivy][INFO] - GL: OpenGL renderer <b'llvmpipe (LLVM 11.0.1, 128 bits)'>
[2024-06-18 19:15:01,358][kivy][INFO] - GL: OpenGL parsed version: 3, 1
[2024-06-18 19:15:01,359][kivy][INFO] - GL: Shading version <b'1.40'>
[2024-06-18 19:15:01,360][kivy][INFO] - GL: Texture max size <16384>
[2024-06-18 19:15:01,360][kivy][INFO] - GL: Texture max units <32>
[2024-06-18 19:15:01,807][kivy][INFO] - Window: auto add sdl2 input provider
[2024-06-18 19:15:01,812][kivy][INFO] - Window: virtual keyboard not allowed, single mode, not docked
[2024-06-18 19:15:02,558][kivy][INFO] - Base: Start application main loop
[2024-06-18 19:15:10,520][kivy][INFO] - Base: Leaving application in progress...
[2024-06-18 19:15:10,527][kivy][INFO] - Base: Start application main loop
[2024-06-18 19:15:11,838][kivy][INFO] - Base: Leaving application in progress...
[2024-06-18 19:15:11,842][kivy][INFO] - Base: Start application main loop
[2024-06-18 19:15:12,675][kivy][INFO] - Base: Leaving application in progress...
[2024-06-18 19:15:12,680][kivy][INFO] - Base: Start application main loop
[2024-06-18 19:15:14,038][kivy][INFO] - Base: Leaving application in progress...
[2024-06-18 19:15:14,047][kivy][INFO] - Base: Start application main loop
[2024-06-18 19:31:49,959][kivy][INFO] - Window: Provider: sdl2
[2024-06-18 19:31:56,085][kivy][INFO] - GL: Using the "OpenGL" graphics system
[2024-06-18 19:31:56,087][kivy][INFO] - GL: Backend used <sdl2>
[2024-06-18 19:31:56,088][kivy][INFO] - GL: OpenGL version <b'3.1 Mesa 20.3.5'>
[2024-06-18 19:31:56,089][kivy][INFO] - GL: OpenGL vendor <b'Mesa/X.org'>
[2024-06-18 19:31:56,089][kivy][INFO] - GL: OpenGL renderer <b'llvmpipe (LLVM 11.0.1, 128 bits)'>
[2024-06-18 19:31:56,089][kivy][INFO] - GL: OpenGL parsed version: 3, 1
[2024-06-18 19:31:56,089][kivy][INFO] - GL: Shading version <b'1.40'>
[2024-06-18 19:31:56,094][kivy][INFO] - GL: Texture max size <16384>
[2024-06-18 19:31:56,094][kivy][INFO] - GL: Texture max units <32>
[2024-06-18 19:31:56,561][kivy][INFO] - Window: auto add sdl2 input provider
[2024-06-18 19:31:56,569][kivy][INFO] - Window: virtual keyboard not allowed, single mode, not docked
[2024-06-18 19:31:56,573][kivy][WARNING] - stderr: Error executing job with overrides: ['model=best.pt', 'source=0', 'show=true']
[2024-06-18 19:31:57,171][kivy][WARNING] - stderr: Traceback (most recent call last):
[2024-06-18 19:31:57,172][kivy][WARNING] - stderr:   File "/home/julpi/Desktop/Licence-Plate-Detection-and-Recognition-using-YOLO-V8-EasyOCR-main/ZeitpredictWithOCR.py", line 158, in predict
[2024-06-18 19:31:57,172][kivy][WARNING] - stderr:     predictor()
[2024-06-18 19:31:57,172][kivy][WARNING] - stderr:   File "/home/julpi/.local/lib/python3.9/site-packages/torch/utils/_contextlib.py", line 115, in decorate_context
[2024-06-18 19:31:57,172][kivy][WARNING] - stderr:     return func(*args, **kwargs)
[2024-06-18 19:31:57,173][kivy][WARNING] - stderr:   File "/home/julpi/Desktop/Licence-Plate-Detection-and-Recognition-using-YOLO-V8-EasyOCR-main/ultralytics/yolo/engine/predictor.py", line 189, in __call__
[2024-06-18 19:31:57,173][kivy][WARNING] - stderr:     s += self.write_results(i, preds, (p, im, im0s))
[2024-06-18 19:31:57,173][kivy][WARNING] - stderr:   File "/home/julpi/Desktop/Licence-Plate-Detection-and-Recognition-using-YOLO-V8-EasyOCR-main/ZeitpredictWithOCR.py", line 145, in write_results
[2024-06-18 19:31:57,173][kivy][WARNING] - stderr:     app.run()
[2024-06-18 19:31:57,173][kivy][WARNING] - stderr:   File "/home/julpi/.local/lib/python3.9/site-packages/kivy/app.py", line 955, in run
[2024-06-18 19:31:57,173][kivy][WARNING] - stderr:     self._run_prepare()
[2024-06-18 19:31:57,174][kivy][WARNING] - stderr:   File "/home/julpi/.local/lib/python3.9/site-packages/kivy/app.py", line 925, in _run_prepare
[2024-06-18 19:31:57,174][kivy][WARNING] - stderr:     root = self.build()
[2024-06-18 19:31:57,174][kivy][WARNING] - stderr:   File "/home/julpi/Desktop/Licence-Plate-Detection-and-Recognition-using-YOLO-V8-EasyOCR-main/ZeitpredictWithOCR.py", line 23, in build
[2024-06-18 19:31:57,174][kivy][WARNING] - stderr:     self.window.add_widget(imgage(sorce=img))
[2024-06-18 19:31:57,174][kivy][WARNING] - stderr: NameError: name 'imgage' is not defined
[2024-06-18 19:31:57,174][kivy][WARNING] - stderr: 
[2024-06-18 19:31:57,175][kivy][WARNING] - stderr: Set the environment variable HYDRA_FULL_ERROR=1 for a complete stack trace.
[2024-06-18 19:35:21,130][kivy][INFO] - Window: Provider: sdl2
[2024-06-18 19:35:27,282][kivy][INFO] - GL: Using the "OpenGL" graphics system
[2024-06-18 19:35:27,284][kivy][INFO] - GL: Backend used <sdl2>
[2024-06-18 19:35:27,288][kivy][INFO] - GL: OpenGL version <b'3.1 Mesa 20.3.5'>
[2024-06-18 19:35:27,291][kivy][INFO] - GL: OpenGL vendor <b'Mesa/X.org'>
[2024-06-18 19:35:27,292][kivy][INFO] - GL: OpenGL renderer <b'llvmpipe (LLVM 11.0.1, 128 bits)'>
[2024-06-18 19:35:27,294][kivy][INFO] - GL: OpenGL parsed version: 3, 1
[2024-06-18 19:35:27,295][kivy][INFO] - GL: Shading version <b'1.40'>
[2024-06-18 19:35:27,296][kivy][INFO] - GL: Texture max size <16384>
[2024-06-18 19:35:27,297][kivy][INFO] - GL: Texture max units <32>
[2024-06-18 19:35:27,748][kivy][INFO] - Window: auto add sdl2 input provider
[2024-06-18 19:35:27,754][kivy][INFO] - Window: virtual keyboard not allowed, single mode, not docked
[2024-06-18 19:35:27,760][kivy][WARNING] - stderr: Error executing job with overrides: ['model=best.pt', 'source=0', 'show=true']
[2024-06-18 19:35:28,086][kivy][WARNING] - stderr: Traceback (most recent call last):
[2024-06-18 19:35:28,087][kivy][WARNING] - stderr:   File "/home/julpi/Desktop/Licence-Plate-Detection-and-Recognition-using-YOLO-V8-EasyOCR-main/ZeitpredictWithOCR.py", line 158, in predict
[2024-06-18 19:35:28,087][kivy][WARNING] - stderr:     predictor()
[2024-06-18 19:35:28,088][kivy][WARNING] - stderr:   File "/home/julpi/.local/lib/python3.9/site-packages/torch/utils/_contextlib.py", line 115, in decorate_context
[2024-06-18 19:35:28,088][kivy][WARNING] - stderr:     return func(*args, **kwargs)
[2024-06-18 19:35:28,088][kivy][WARNING] - stderr:   File "/home/julpi/Desktop/Licence-Plate-Detection-and-Recognition-using-YOLO-V8-EasyOCR-main/ultralytics/yolo/engine/predictor.py", line 189, in __call__
[2024-06-18 19:35:28,090][kivy][WARNING] - stderr:     s += self.write_results(i, preds, (p, im, im0s))
[2024-06-18 19:35:28,090][kivy][WARNING] - stderr:   File "/home/julpi/Desktop/Licence-Plate-Detection-and-Recognition-using-YOLO-V8-EasyOCR-main/ZeitpredictWithOCR.py", line 145, in write_results
[2024-06-18 19:35:28,090][kivy][WARNING] - stderr:     app.run()
[2024-06-18 19:35:28,091][kivy][WARNING] - stderr:   File "/home/julpi/.local/lib/python3.9/site-packages/kivy/app.py", line 955, in run
[2024-06-18 19:35:28,091][kivy][WARNING] - stderr:     self._run_prepare()
[2024-06-18 19:35:28,091][kivy][WARNING] - stderr:   File "/home/julpi/.local/lib/python3.9/site-packages/kivy/app.py", line 925, in _run_prepare
[2024-06-18 19:35:28,091][kivy][WARNING] - stderr:     root = self.build()
[2024-06-18 19:35:28,091][kivy][WARNING] - stderr:   File "/home/julpi/Desktop/Licence-Plate-Detection-and-Recognition-using-YOLO-V8-EasyOCR-main/ZeitpredictWithOCR.py", line 23, in build
[2024-06-18 19:35:28,091][kivy][WARNING] - stderr:     self.window.add_widget(Image(sorce=img))
[2024-06-18 19:35:28,092][kivy][WARNING] - stderr: NameError: name 'Image' is not defined
[2024-06-18 19:35:28,092][kivy][WARNING] - stderr: 
[2024-06-18 19:35:28,092][kivy][WARNING] - stderr: Set the environment variable HYDRA_FULL_ERROR=1 for a complete stack trace.
[2024-06-18 19:40:41,988][kivy][INFO] - Window: Provider: sdl2
[2024-06-18 19:40:51,359][kivy][INFO] - GL: Using the "OpenGL" graphics system
[2024-06-18 19:40:51,361][kivy][INFO] - GL: Backend used <sdl2>
[2024-06-18 19:40:51,363][kivy][INFO] - GL: OpenGL version <b'3.1 Mesa 20.3.5'>
[2024-06-18 19:40:51,365][kivy][INFO] - GL: OpenGL vendor <b'Mesa/X.org'>
[2024-06-18 19:40:51,365][kivy][INFO] - GL: OpenGL renderer <b'llvmpipe (LLVM 11.0.1, 128 bits)'>
[2024-06-18 19:40:51,368][kivy][INFO] - GL: OpenGL parsed version: 3, 1
[2024-06-18 19:40:51,369][kivy][INFO] - GL: Shading version <b'1.40'>
[2024-06-18 19:40:51,370][kivy][INFO] - GL: Texture max size <16384>
[2024-06-18 19:40:51,371][kivy][INFO] - GL: Texture max units <32>
[2024-06-18 19:40:52,160][kivy][INFO] - Window: auto add sdl2 input provider
[2024-06-18 19:40:52,167][kivy][INFO] - Window: virtual keyboard not allowed, single mode, not docked
[2024-06-18 19:40:53,333][kivy][INFO] - Base: Start application main loop
[2024-06-18 19:41:15,414][kivy][INFO] - Base: Leaving application in progress...
[2024-06-18 19:41:15,422][kivy][INFO] - Base: Start application main loop
[2024-06-18 19:41:18,267][kivy][INFO] - Base: Leaving application in progress...
[2024-06-18 19:41:18,275][kivy][INFO] - Base: Start application main loop
[2024-06-18 19:41:18,851][kivy][INFO] - Base: Leaving application in progress...
[2024-06-18 19:41:18,861][kivy][INFO] - Base: Start application main loop
[2024-06-18 19:41:19,260][kivy][INFO] - Base: Leaving application in progress...
[2024-06-18 19:41:19,264][kivy][INFO] - Base: Start application main loop
[2024-06-18 19:41:19,583][kivy][INFO] - Base: Leaving application in progress...
[2024-06-18 19:41:19,592][kivy][INFO] - Base: Start application main loop
[2024-06-18 19:41:19,905][kivy][INFO] - Base: Leaving application in progress...
[2024-06-18 19:41:19,912][kivy][INFO] - Base: Start application main loop
[2024-06-18 19:41:20,072][kivy][INFO] - Base: Leaving application in progress...
[2024-06-18 19:41:20,078][kivy][INFO] - Base: Start application main loop
[2024-06-18 19:41:20,241][kivy][INFO] - Base: Leaving application in progress...
[2024-06-18 19:41:20,247][kivy][INFO] - Base: Start application main loop
[2024-06-18 19:41:20,399][kivy][INFO] - Base: Leaving application in progress...
[2024-06-18 19:41:20,404][kivy][INFO] - Base: Start application main loop
[2024-06-18 19:41:20,554][kivy][INFO] - Base: Leaving application in progress...
[2024-06-18 19:41:20,563][kivy][INFO] - Base: Start application main loop
[2024-06-18 19:41:20,856][kivy][INFO] - Base: Leaving application in progress...
[2024-06-18 19:41:20,863][kivy][INFO] - Base: Start application main loop
[2024-06-18 19:41:21,025][kivy][INFO] - Base: Leaving application in progress...
[2024-06-18 19:41:21,033][kivy][INFO] - Base: Start application main loop
[2024-06-18 19:41:21,172][kivy][INFO] - Base: Leaving application in progress...
[2024-06-18 19:41:21,182][kivy][INFO] - Base: Start application main loop
[2024-06-18 19:41:21,337][kivy][INFO] - Base: Leaving application in progress...
[2024-06-18 19:41:21,346][kivy][INFO] - Base: Start application main loop
[2024-06-18 19:41:21,483][kivy][INFO] - Base: Leaving application in progress...
[2024-06-18 19:41:21,490][kivy][INFO] - Base: Start application main loop
[2024-06-18 19:41:21,645][kivy][INFO] - Base: Leaving application in progress...
[2024-06-18 19:41:21,650][kivy][INFO] - Base: Start application main loop
[2024-06-18 19:41:21,782][kivy][INFO] - Base: Leaving application in progress...
[2024-06-18 19:41:21,789][kivy][INFO] - Base: Start application main loop
[2024-06-18 19:41:21,927][kivy][INFO] - Base: Leaving application in progress...
[2024-06-18 19:41:21,935][kivy][INFO] - Base: Start application main loop
[2024-06-18 19:41:22,087][kivy][INFO] - Base: Leaving application in progress...
[2024-06-18 19:41:22,098][kivy][INFO] - Base: Start application main loop
[2024-06-18 19:41:22,262][kivy][INFO] - Base: Leaving application in progress...
[2024-06-18 19:41:22,266][kivy][INFO] - Base: Start application main loop
[2024-06-18 19:41:22,422][kivy][INFO] - Base: Leaving application in progress...
[2024-06-18 19:41:22,431][kivy][INFO] - Base: Start application main loop
[2024-06-18 19:41:22,592][kivy][INFO] - Base: Leaving application in progress...
[2024-06-18 19:41:22,598][kivy][INFO] - Base: Start application main loop
[2024-06-18 19:41:22,760][kivy][INFO] - Base: Leaving application in progress...
[2024-06-18 19:41:22,768][kivy][INFO] - Base: Start application main loop
[2024-06-18 19:41:22,916][kivy][INFO] - Base: Leaving application in progress...
[2024-06-18 19:41:22,924][kivy][INFO] - Base: Start application main loop
[2024-06-18 19:41:23,087][kivy][INFO] - Base: Leaving application in progress...
[2024-06-18 19:41:23,099][kivy][INFO] - Base: Start application main loop
[2024-06-18 19:41:23,270][kivy][INFO] - Base: Leaving application in progress...
[2024-06-18 19:41:23,279][kivy][INFO] - Base: Start application main loop
[2024-06-18 19:41:23,441][kivy][INFO] - Base: Leaving application in progress...
[2024-06-18 19:41:23,447][kivy][INFO] - Base: Start application main loop
[2024-06-18 19:41:23,946][kivy][INFO] - Base: Leaving application in progress...
[2024-06-18 19:41:23,952][kivy][INFO] - Base: Start application main loop
[2024-06-18 19:41:24,216][kivy][INFO] - Base: Leaving application in progress...
[2024-06-18 19:41:24,226][kivy][INFO] - Base: Start application main loop
[2024-06-18 19:41:24,430][kivy][INFO] - Base: Leaving application in progress...
[2024-06-18 19:41:24,434][kivy][INFO] - Base: Start application main loop
[2024-06-18 19:41:24,607][kivy][INFO] - Base: Leaving application in progress...
[2024-06-18 19:41:24,613][kivy][INFO] - Base: Start application main loop
[2024-06-18 19:41:24,802][kivy][INFO] - Base: Leaving application in progress...
[2024-06-18 19:41:24,811][kivy][INFO] - Base: Start application main loop
[2024-06-18 19:41:24,975][kivy][INFO] - Base: Leaving application in progress...
[2024-06-18 19:41:24,981][kivy][INFO] - Base: Start application main loop
[2024-06-18 19:41:25,137][kivy][INFO] - Base: Leaving application in progress...
[2024-06-18 19:41:25,146][kivy][INFO] - Base: Start application main loop
[2024-06-18 19:41:25,309][kivy][INFO] - Base: Leaving application in progress...
[2024-06-18 19:41:25,314][kivy][INFO] - Base: Start application main loop
[2024-06-18 19:41:25,495][kivy][INFO] - Base: Leaving application in progress...
[2024-06-18 19:41:25,504][kivy][INFO] - Base: Start application main loop
[2024-06-18 19:41:25,677][kivy][INFO] - Base: Leaving application in progress...
[2024-06-18 19:41:25,682][kivy][INFO] - Base: Start application main loop
[2024-06-18 19:41:25,851][kivy][INFO] - Base: Leaving application in progress...
[2024-06-18 19:41:25,863][kivy][INFO] - Base: Start application main loop
[2024-06-18 19:41:26,024][kivy][INFO] - Base: Leaving application in progress...
[2024-06-18 19:41:26,032][kivy][INFO] - Base: Start application main loop
[2024-06-18 19:41:26,180][kivy][INFO] - Base: Leaving application in progress...
[2024-06-18 19:41:26,184][kivy][INFO] - Base: Start application main loop
[2024-06-18 19:41:26,377][kivy][INFO] - Base: Leaving application in progress...
[2024-06-18 19:41:26,381][kivy][INFO] - Base: Start application main loop
[2024-06-18 19:41:26,550][kivy][INFO] - Base: Leaving application in progress...
[2024-06-18 19:41:26,562][kivy][INFO] - Base: Start application main loop
[2024-06-18 19:41:26,711][kivy][INFO] - Base: Leaving application in progress...
[2024-06-18 19:41:26,717][kivy][INFO] - Base: Start application main loop
[2024-06-18 19:41:26,894][kivy][INFO] - Base: Leaving application in progress...
[2024-06-18 19:41:26,901][kivy][INFO] - Base: Start application main loop
[2024-06-18 19:41:27,062][kivy][INFO] - Base: Leaving application in progress...
[2024-06-18 19:41:27,068][kivy][INFO] - Base: Start application main loop
[2024-06-18 19:41:27,244][kivy][INFO] - Base: Leaving application in progress...
[2024-06-18 19:41:27,248][kivy][INFO] - Base: Start application main loop
[2024-06-18 19:41:27,404][kivy][INFO] - Base: Leaving application in progress...
[2024-06-18 19:41:27,412][kivy][INFO] - Base: Start application main loop
[2024-06-18 19:41:27,559][kivy][INFO] - Base: Leaving application in progress...
[2024-06-18 19:41:27,568][kivy][INFO] - Base: Start application main loop
[2024-06-18 19:41:27,742][kivy][INFO] - Base: Leaving application in progress...
[2024-06-18 19:41:27,748][kivy][INFO] - Base: Start application main loop
[2024-06-18 19:41:27,932][kivy][INFO] - Base: Leaving application in progress...
[2024-06-18 19:41:27,939][kivy][INFO] - Base: Start application main loop
[2024-06-18 19:41:28,101][kivy][INFO] - Base: Leaving application in progress...
[2024-06-18 19:41:28,112][kivy][INFO] - Base: Start application main loop
[2024-06-18 19:41:28,272][kivy][INFO] - Base: Leaving application in progress...
[2024-06-18 19:41:28,280][kivy][INFO] - Base: Start application main loop
[2024-06-18 19:41:28,458][kivy][INFO] - Base: Leaving application in progress...
[2024-06-18 19:41:28,463][kivy][INFO] - Base: Start application main loop
[2024-06-18 19:41:28,636][kivy][INFO] - Base: Leaving application in progress...
[2024-06-18 19:41:28,644][kivy][INFO] - Base: Start application main loop
[2024-06-18 19:41:28,815][kivy][INFO] - Base: Leaving application in progress...
[2024-06-18 19:41:28,825][kivy][INFO] - Base: Start application main loop
[2024-06-18 19:41:29,008][kivy][INFO] - Base: Leaving application in progress...
[2024-06-18 19:41:29,017][kivy][INFO] - Base: Start application main loop
[2024-06-18 19:41:29,144][kivy][INFO] - Base: Leaving application in progress...
[2024-06-18 19:41:29,151][kivy][INFO] - Base: Start application main loop
[2024-06-18 19:41:29,356][kivy][INFO] - Base: Leaving application in progress...
[2024-06-18 19:41:29,366][kivy][INFO] - Base: Start application main loop
[2024-06-18 19:41:29,532][kivy][INFO] - Base: Leaving application in progress...
[2024-06-18 19:41:29,541][kivy][INFO] - Base: Start application main loop
[2024-06-18 19:41:30,503][kivy][INFO] - Base: Leaving application in progress...
[2024-06-18 19:41:30,511][kivy][INFO] - Base: Start application main loop
[2024-06-18 19:41:30,684][kivy][INFO] - Base: Leaving application in progress...
[2024-06-18 19:41:30,697][kivy][INFO] - Base: Start application main loop
[2024-06-18 19:41:30,862][kivy][INFO] - Base: Leaving application in progress...
[2024-06-18 19:41:30,867][kivy][INFO] - Base: Start application main loop
[2024-06-18 19:41:31,036][kivy][INFO] - Base: Leaving application in progress...
[2024-06-18 19:41:31,049][kivy][INFO] - Base: Start application main loop
[2024-06-18 19:41:31,226][kivy][INFO] - Base: Leaving application in progress...
[2024-06-18 19:41:31,235][kivy][INFO] - Base: Start application main loop
[2024-06-18 19:41:31,384][kivy][INFO] - Base: Leaving application in progress...
[2024-06-18 19:41:31,395][kivy][INFO] - Base: Start application main loop
[2024-06-18 19:41:31,568][kivy][INFO] - Base: Leaving application in progress...
[2024-06-18 19:41:31,579][kivy][INFO] - Base: Start application main loop
[2024-06-18 19:41:31,741][kivy][INFO] - Base: Leaving application in progress...
[2024-06-18 19:41:31,747][kivy][INFO] - Base: Start application main loop
[2024-06-18 19:41:31,921][kivy][INFO] - Base: Leaving application in progress...
[2024-06-18 19:41:31,929][kivy][INFO] - Base: Start application main loop
[2024-06-18 19:41:32,102][kivy][INFO] - Base: Leaving application in progress...
[2024-06-18 19:41:32,113][kivy][INFO] - Base: Start application main loop
[2024-06-18 19:41:32,266][kivy][INFO] - Base: Leaving application in progress...
[2024-06-18 19:41:32,274][kivy][INFO] - Base: Start application main loop
[2024-06-18 19:41:32,441][kivy][INFO] - Base: Leaving application in progress...
[2024-06-18 19:41:32,448][kivy][INFO] - Base: Start application main loop
[2024-06-18 19:41:32,597][kivy][INFO] - Base: Leaving application in progress...
[2024-06-18 19:41:32,606][kivy][INFO] - Base: Start application main loop
[2024-06-18 19:41:32,806][kivy][INFO] - Base: Leaving application in progress...
[2024-06-18 19:41:32,814][kivy][INFO] - Base: Start application main loop
[2024-06-18 19:41:32,999][kivy][INFO] - Base: Leaving application in progress...
[2024-06-18 19:43:54,432][kivy][INFO] - Base: Start application main loop
[2024-06-18 19:43:54,482][kivy][INFO] - Base: Leaving application in progress...
[2024-06-18 19:43:54,491][kivy][INFO] - Base: Start application main loop
[2024-06-18 19:43:54,504][kivy][INFO] - Base: Leaving application in progress...
[2024-06-18 19:43:54,514][kivy][INFO] - Base: Start application main loop
[2024-06-18 19:43:54,533][kivy][INFO] - Base: Leaving application in progress...
[2024-06-18 19:43:54,541][kivy][INFO] - Base: Start application main loop
[2024-06-18 19:43:54,559][kivy][INFO] - Base: Leaving application in progress...
[2024-06-18 19:43:54,568][kivy][INFO] - Base: Start application main loop
[2024-06-18 19:43:54,582][kivy][INFO] - Base: Leaving application in progress...
[2024-06-18 19:43:54,587][kivy][INFO] - Base: Start application main loop
[2024-06-18 19:43:54,611][kivy][INFO] - Base: Leaving application in progress...
[2024-06-18 19:43:54,621][kivy][INFO] - Base: Start application main loop
[2024-06-18 19:43:54,637][kivy][INFO] - Base: Leaving application in progress...
[2024-06-18 19:43:54,644][kivy][INFO] - Base: Start application main loop
[2024-06-18 19:43:54,659][kivy][INFO] - Base: Leaving application in progress...
[2024-06-18 19:43:54,670][kivy][INFO] - Base: Start application main loop
[2024-06-18 19:43:54,692][kivy][INFO] - Base: Leaving application in progress...
[2024-06-18 19:43:54,713][kivy][INFO] - Base: Start application main loop
[2024-06-18 19:43:54,727][kivy][INFO] - Base: Leaving application in progress...
[2024-06-18 19:43:54,739][kivy][INFO] - Base: Start application main loop
[2024-06-18 19:43:54,752][kivy][INFO] - Base: Leaving application in progress...
[2024-06-18 19:43:54,762][kivy][INFO] - Base: Start application main loop
[2024-06-18 19:43:54,778][kivy][INFO] - Base: Leaving application in progress...
[2024-06-18 19:43:54,787][kivy][INFO] - Base: Start application main loop
[2024-06-18 19:43:54,809][kivy][INFO] - Base: Leaving application in progress...
[2024-06-18 19:43:54,821][kivy][INFO] - Base: Start application main loop
[2024-06-18 19:43:54,840][kivy][INFO] - Base: Leaving application in progress...
[2024-06-18 19:43:54,849][kivy][INFO] - Base: Start application main loop
[2024-06-18 19:43:54,859][kivy][INFO] - Base: Leaving application in progress...
[2024-06-18 19:43:54,871][kivy][INFO] - Base: Start application main loop
[2024-06-18 19:43:54,883][kivy][INFO] - Base: Leaving application in progress...
[2024-06-18 19:43:54,895][kivy][INFO] - Base: Start application main loop
[2024-06-18 19:43:54,911][kivy][INFO] - Base: Leaving application in progress...
[2024-06-18 19:43:54,922][kivy][INFO] - Base: Start application main loop
[2024-06-18 19:43:54,950][kivy][INFO] - Base: Leaving application in progress...
[2024-06-18 19:43:54,960][kivy][INFO] - Base: Start application main loop
[2024-06-18 19:58:54,024][kivy][INFO] - Window: Provider: sdl2
[2024-06-18 19:58:58,747][kivy][INFO] - GL: Using the "OpenGL" graphics system
[2024-06-18 19:58:58,749][kivy][INFO] - GL: Backend used <sdl2>
[2024-06-18 19:58:58,750][kivy][INFO] - GL: OpenGL version <b'3.1 Mesa 20.3.5'>
[2024-06-18 19:58:58,750][kivy][INFO] - GL: OpenGL vendor <b'Mesa/X.org'>
[2024-06-18 19:58:58,751][kivy][INFO] - GL: OpenGL renderer <b'llvmpipe (LLVM 11.0.1, 128 bits)'>
[2024-06-18 19:58:58,752][kivy][INFO] - GL: OpenGL parsed version: 3, 1
[2024-06-18 19:58:58,752][kivy][INFO] - GL: Shading version <b'1.40'>
[2024-06-18 19:58:58,753][kivy][INFO] - GL: Texture max size <16384>
[2024-06-18 19:58:58,753][kivy][INFO] - GL: Texture max units <32>
[2024-06-18 19:58:59,178][kivy][INFO] - Window: auto add sdl2 input provider
[2024-06-18 19:58:59,184][kivy][INFO] - Window: virtual keyboard not allowed, single mode, not docked
[2024-06-18 19:58:59,698][kivy][INFO] - Base: Start application main loop
[2024-06-18 19:58:51,204][kivy][INFO] - Window: Provider: sdl2
[2024-06-18 19:58:55,905][kivy][INFO] - GL: Using the "OpenGL" graphics system
[2024-06-18 19:58:55,907][kivy][INFO] - GL: Backend used <sdl2>
[2024-06-18 19:58:55,909][kivy][INFO] - GL: OpenGL version <b'3.1 Mesa 20.3.5'>
[2024-06-18 19:58:55,909][kivy][INFO] - GL: OpenGL vendor <b'Mesa/X.org'>
[2024-06-18 19:58:55,911][kivy][INFO] - GL: OpenGL renderer <b'llvmpipe (LLVM 11.0.1, 128 bits)'>
[2024-06-18 19:58:55,912][kivy][INFO] - GL: OpenGL parsed version: 3, 1
[2024-06-18 19:58:55,912][kivy][INFO] - GL: Shading version <b'1.40'>
[2024-06-18 19:58:55,914][kivy][INFO] - GL: Texture max size <16384>
[2024-06-18 19:58:55,915][kivy][INFO] - GL: Texture max units <32>
[2024-06-18 19:58:56,345][kivy][INFO] - Window: auto add sdl2 input provider
[2024-06-18 19:58:56,349][kivy][INFO] - Window: virtual keyboard not allowed, single mode, not docked
[2024-06-18 19:58:56,868][kivy][INFO] - Base: Start application main loop
[2024-06-18 21:21:21,710][kivy][INFO] - Window: Provider: sdl2
[2024-06-18 21:21:27,500][kivy][INFO] - GL: Using the "OpenGL" graphics system
[2024-06-18 21:21:27,501][kivy][INFO] - GL: Backend used <sdl2>
[2024-06-18 21:21:27,505][kivy][INFO] - GL: OpenGL version <b'3.1 Mesa 20.3.5'>
[2024-06-18 21:21:27,506][kivy][INFO] - GL: OpenGL vendor <b'Mesa/X.org'>
[2024-06-18 21:21:27,507][kivy][INFO] - GL: OpenGL renderer <b'llvmpipe (LLVM 11.0.1, 128 bits)'>
[2024-06-18 21:21:27,508][kivy][INFO] - GL: OpenGL parsed version: 3, 1
[2024-06-18 21:21:27,508][kivy][INFO] - GL: Shading version <b'1.40'>
[2024-06-18 21:21:27,509][kivy][INFO] - GL: Texture max size <16384>
[2024-06-18 21:21:27,510][kivy][INFO] - GL: Texture max units <32>
[2024-06-18 21:21:27,958][kivy][INFO] - Window: auto add sdl2 input provider
[2024-06-18 21:21:27,962][kivy][INFO] - Window: virtual keyboard not allowed, single mode, not docked
[2024-06-18 21:21:28,746][kivy][INFO] - Base: Start application main loop
[2024-06-18 21:21:37,364][kivy][INFO] - Base: Leaving application in progress...
[2024-06-18 21:21:37,373][kivy][INFO] - Base: Start application main loop
[2024-06-18 21:21:37,993][kivy][INFO] - Base: Leaving application in progress...
[2024-06-18 21:21:37,997][kivy][INFO] - Base: Start application main loop
[2024-06-18 21:21:38,383][kivy][INFO] - Base: Leaving application in progress...
[2024-06-18 21:21:38,387][kivy][INFO] - Base: Start application main loop
[2024-06-18 21:21:38,541][kivy][INFO] - Base: Leaving application in progress...
[2024-06-18 21:21:38,545][kivy][INFO] - Base: Start application main loop
[2024-06-18 21:21:38,758][kivy][INFO] - Base: Leaving application in progress...
[2024-06-18 21:21:38,762][kivy][INFO] - Base: Start application main loop
[2024-06-18 21:21:38,900][kivy][INFO] - Base: Leaving application in progress...
[2024-06-18 21:21:38,905][kivy][INFO] - Base: Start application main loop
[2024-06-18 21:21:39,059][kivy][INFO] - Base: Leaving application in progress...
[2024-06-18 21:21:39,063][kivy][INFO] - Base: Start application main loop
[2024-06-18 21:21:39,266][kivy][INFO] - Base: Leaving application in progress...
[2024-06-18 21:21:39,270][kivy][INFO] - Base: Start application main loop
[2024-06-18 21:21:39,412][kivy][INFO] - Base: Leaving application in progress...
[2024-06-18 21:21:39,417][kivy][INFO] - Base: Start application main loop
[2024-06-18 21:21:39,593][kivy][INFO] - Base: Leaving application in progress...
[2024-06-18 21:21:39,596][kivy][INFO] - Base: Start application main loop
[2024-06-18 21:21:39,920][kivy][INFO] - Base: Leaving application in progress...
[2024-06-18 21:21:39,925][kivy][INFO] - Base: Start application main loop
[2024-06-18 21:21:40,133][kivy][INFO] - Base: Leaving application in progress...
[2024-06-18 21:21:40,138][kivy][INFO] - Base: Start application main loop
[2024-06-18 21:21:40,301][kivy][INFO] - Base: Leaving application in progress...
[2024-06-18 21:21:40,307][kivy][INFO] - Base: Start application main loop
[2024-06-18 21:21:40,524][kivy][INFO] - Base: Leaving application in progress...
[2024-06-18 21:21:40,530][kivy][INFO] - Base: Start application main loop
[2024-06-18 21:21:40,702][kivy][INFO] - Base: Leaving application in progress...
[2024-06-18 21:21:40,708][kivy][INFO] - Base: Start application main loop
[2024-06-18 21:21:40,864][kivy][INFO] - Base: Leaving application in progress...
[2024-06-18 21:21:40,870][kivy][INFO] - Base: Start application main loop
[2024-06-18 21:21:41,039][kivy][INFO] - Base: Leaving application in progress...
[2024-06-18 21:21:41,046][kivy][INFO] - Base: Start application main loop
[2024-06-18 21:21:41,254][kivy][INFO] - Base: Leaving application in progress...
[2024-06-18 21:21:41,260][kivy][INFO] - Base: Start application main loop
[2024-06-18 21:21:41,428][kivy][INFO] - Base: Leaving application in progress...
[2024-06-18 21:21:41,432][kivy][INFO] - Base: Start application main loop
[2024-06-18 21:21:41,597][kivy][INFO] - Base: Leaving application in progress...
[2024-06-18 21:21:41,601][kivy][INFO] - Base: Start application main loop
[2024-06-18 21:21:41,800][kivy][INFO] - Base: Leaving application in progress...
[2024-06-18 21:21:41,804][kivy][INFO] - Base: Start application main loop
[2024-06-18 21:21:41,982][kivy][INFO] - Base: Leaving application in progress...
[2024-06-18 21:21:41,986][kivy][INFO] - Base: Start application main loop
[2024-06-18 21:21:42,149][kivy][INFO] - Base: Leaving application in progress...
[2024-06-18 21:21:42,154][kivy][INFO] - Base: Start application main loop
[2024-06-18 21:21:42,317][kivy][INFO] - Base: Leaving application in progress...
[2024-06-18 21:21:42,321][kivy][INFO] - Base: Start application main loop
[2024-06-18 21:21:42,499][kivy][INFO] - Base: Leaving application in progress...
[2024-06-18 21:21:42,508][kivy][INFO] - Base: Start application main loop
[2024-06-18 21:21:42,679][kivy][INFO] - Base: Leaving application in progress...
[2024-06-18 21:21:42,687][kivy][INFO] - Base: Start application main loop
[2024-06-18 21:21:42,837][kivy][INFO] - Base: Leaving application in progress...
[2024-06-18 21:21:42,842][kivy][INFO] - Base: Start application main loop
[2024-06-18 21:21:43,016][kivy][INFO] - Base: Leaving application in progress...
[2024-06-18 21:21:43,027][kivy][INFO] - Base: Start application main loop
[2024-06-18 21:21:43,202][kivy][INFO] - Base: Leaving application in progress...
[2024-06-18 21:21:43,209][kivy][INFO] - Base: Start application main loop
[2024-06-18 21:21:43,388][kivy][INFO] - Base: Leaving application in progress...
[2024-06-18 21:21:43,395][kivy][INFO] - Base: Start application main loop
[2024-06-18 21:21:43,549][kivy][INFO] - Base: Leaving application in progress...
[2024-06-18 21:21:43,558][kivy][INFO] - Base: Start application main loop
[2024-06-18 21:21:43,752][kivy][INFO] - Base: Leaving application in progress...
[2024-06-18 21:21:43,757][kivy][INFO] - Base: Start application main loop
[2024-06-18 21:21:43,922][kivy][INFO] - Base: Leaving application in progress...
[2024-06-18 21:21:43,930][kivy][INFO] - Base: Start application main loop
[2024-06-18 21:21:44,097][kivy][INFO] - Base: Leaving application in progress...
[2024-06-18 21:21:44,103][kivy][INFO] - Base: Start application main loop
[2024-06-18 21:21:44,295][kivy][INFO] - Base: Leaving application in progress...
[2024-06-18 21:21:44,301][kivy][INFO] - Base: Start application main loop
[2024-06-18 21:21:44,469][kivy][INFO] - Base: Leaving application in progress...
[2024-06-18 21:21:44,475][kivy][INFO] - Base: Start application main loop
[2024-06-18 21:21:44,656][kivy][INFO] - Base: Leaving application in progress...
[2024-06-18 21:21:44,662][kivy][INFO] - Base: Start application main loop
[2024-06-18 21:21:44,830][kivy][INFO] - Base: Leaving application in progress...
[2024-06-18 21:21:44,838][kivy][INFO] - Base: Start application main loop
[2024-06-18 21:21:45,005][kivy][INFO] - Base: Leaving application in progress...
[2024-06-18 21:21:45,009][kivy][INFO] - Base: Start application main loop
[2024-06-18 21:21:45,181][kivy][INFO] - Base: Leaving application in progress...
[2024-06-18 21:21:45,189][kivy][INFO] - Base: Start application main loop
[2024-06-18 21:21:45,368][kivy][INFO] - Base: Leaving application in progress...
[2024-06-18 21:21:45,373][kivy][INFO] - Base: Start application main loop
[2024-06-18 21:21:45,537][kivy][INFO] - Base: Leaving application in progress...
[2024-06-18 21:21:45,543][kivy][INFO] - Base: Start application main loop
[2024-06-18 21:21:45,712][kivy][INFO] - Base: Leaving application in progress...
[2024-06-18 21:21:45,716][kivy][INFO] - Base: Start application main loop
[2024-06-18 21:21:45,908][kivy][INFO] - Base: Leaving application in progress...
[2024-06-18 21:21:45,915][kivy][INFO] - Base: Start application main loop
[2024-06-18 21:21:46,084][kivy][INFO] - Base: Leaving application in progress...
[2024-06-18 21:21:46,089][kivy][INFO] - Base: Start application main loop
[2024-06-18 21:21:46,259][kivy][INFO] - Base: Leaving application in progress...
[2024-06-18 21:21:46,264][kivy][INFO] - Base: Start application main loop
[2024-06-18 21:21:46,452][kivy][INFO] - Base: Leaving application in progress...
[2024-06-18 21:21:46,458][kivy][INFO] - Base: Start application main loop
[2024-06-18 21:21:46,641][kivy][INFO] - Base: Leaving application in progress...
[2024-06-18 21:21:46,651][kivy][INFO] - Base: Start application main loop
[2024-06-18 21:21:46,832][kivy][INFO] - Base: Leaving application in progress...
[2024-06-18 21:21:46,839][kivy][INFO] - Base: Start application main loop
[2024-06-18 21:21:47,118][kivy][INFO] - Base: Leaving application in progress...
[2024-06-18 21:21:47,125][kivy][INFO] - Base: Start application main loop
[2024-06-18 21:21:47,343][kivy][INFO] - Base: Leaving application in progress...
[2024-06-18 21:21:47,350][kivy][INFO] - Base: Start application main loop
[2024-06-18 21:21:47,521][kivy][INFO] - Base: Leaving application in progress...
[2024-06-18 21:21:47,527][kivy][INFO] - Base: Start application main loop
[2024-06-18 21:21:47,721][kivy][INFO] - Base: Leaving application in progress...
[2024-06-18 21:21:47,726][kivy][INFO] - Base: Start application main loop
[2024-06-18 21:21:47,887][kivy][INFO] - Base: Leaving application in progress...
[2024-06-18 21:21:47,891][kivy][INFO] - Base: Start application main loop
[2024-06-18 21:21:48,045][kivy][INFO] - Base: Leaving application in progress...
[2024-06-18 21:21:48,051][kivy][INFO] - Base: Start application main loop
[2024-06-18 21:21:48,253][kivy][INFO] - Base: Leaving application in progress...
[2024-06-18 21:21:48,258][kivy][INFO] - Base: Start application main loop
[2024-06-18 21:21:48,431][kivy][INFO] - Base: Leaving application in progress...
[2024-06-18 21:21:48,435][kivy][INFO] - Base: Start application main loop
[2024-06-18 21:21:48,610][kivy][INFO] - Base: Leaving application in progress...
[2024-06-18 21:21:48,617][kivy][INFO] - Base: Start application main loop
[2024-06-18 21:21:48,790][kivy][INFO] - Base: Leaving application in progress...
[2024-06-18 21:21:48,797][kivy][INFO] - Base: Start application main loop
[2024-06-18 21:21:48,987][kivy][INFO] - Base: Leaving application in progress...
[2024-06-18 21:21:48,995][kivy][INFO] - Base: Start application main loop
[2024-06-18 21:21:49,157][kivy][INFO] - Base: Leaving application in progress...
[2024-06-18 21:21:49,163][kivy][INFO] - Base: Start application main loop
[2024-06-18 21:21:49,361][kivy][INFO] - Base: Leaving application in progress...
[2024-06-18 21:21:49,370][kivy][INFO] - Base: Start application main loop
[2024-06-18 21:21:49,543][kivy][INFO] - Base: Leaving application in progress...
[2024-06-18 21:21:49,548][kivy][INFO] - Base: Start application main loop
[2024-06-18 21:21:49,733][kivy][INFO] - Base: Leaving application in progress...
[2024-06-18 21:21:49,737][kivy][INFO] - Base: Start application main loop
[2024-06-18 21:21:49,938][kivy][INFO] - Base: Leaving application in progress...
[2024-06-18 21:21:49,943][kivy][INFO] - Base: Start application main loop
[2024-06-18 21:21:50,117][kivy][INFO] - Base: Leaving application in progress...
[2024-06-18 21:21:50,123][kivy][INFO] - Base: Start application main loop
[2024-06-18 21:21:50,305][kivy][INFO] - Base: Leaving application in progress...
[2024-06-18 21:21:50,311][kivy][INFO] - Base: Start application main loop
[2024-06-18 21:21:50,478][kivy][INFO] - Base: Leaving application in progress...
[2024-06-18 21:21:50,484][kivy][INFO] - Base: Start application main loop
[2024-06-18 21:21:50,677][kivy][INFO] - Base: Leaving application in progress...
[2024-06-18 21:21:50,685][kivy][INFO] - Base: Start application main loop
[2024-06-18 21:21:50,852][kivy][INFO] - Base: Leaving application in progress...
[2024-06-18 21:21:50,857][kivy][INFO] - Base: Start application main loop
[2024-06-18 21:21:51,047][kivy][INFO] - Base: Leaving application in progress...
[2024-06-18 21:21:51,052][kivy][INFO] - Base: Start application main loop
[2024-06-18 21:21:51,235][kivy][INFO] - Base: Leaving application in progress...
[2024-06-18 21:21:51,242][kivy][INFO] - Base: Start application main loop
[2024-06-18 21:21:51,413][kivy][INFO] - Base: Leaving application in progress...
[2024-06-18 21:21:51,420][kivy][INFO] - Base: Start application main loop
[2024-06-18 21:21:51,600][kivy][INFO] - Base: Leaving application in progress...
[2024-06-18 21:21:51,606][kivy][INFO] - Base: Start application main loop
[2024-06-18 21:21:51,798][kivy][INFO] - Base: Leaving application in progress...
[2024-06-18 21:21:51,804][kivy][INFO] - Base: Start application main loop
[2024-06-18 21:21:51,972][kivy][INFO] - Base: Leaving application in progress...
[2024-06-18 21:21:51,979][kivy][INFO] - Base: Start application main loop
[2024-06-18 21:21:52,159][kivy][INFO] - Base: Leaving application in progress...
[2024-06-18 21:21:52,166][kivy][INFO] - Base: Start application main loop
[2024-06-18 21:21:52,334][kivy][INFO] - Base: Leaving application in progress...
[2024-06-18 21:49:54,484][kivy][WARNING] - stderr: Error executing job with overrides: ['model=best.pt', 'source=0', 'show=true']
[2024-06-18 21:49:55,004][kivy][WARNING] - stderr: Traceback (most recent call last):
[2024-06-18 21:49:55,005][kivy][WARNING] - stderr:   File "/home/julpi/Desktop/Licence-Plate-Detection-and-Recognition-using-YOLO-V8-EasyOCR-main/ZeitpredictWithOCR.py", line 158, in predict
[2024-06-18 21:49:55,005][kivy][WARNING] - stderr:     predictor()
[2024-06-18 21:49:55,005][kivy][WARNING] - stderr:   File "/home/julpi/.local/lib/python3.9/site-packages/torch/utils/_contextlib.py", line 115, in decorate_context
[2024-06-18 21:49:55,005][kivy][WARNING] - stderr:     return func(*args, **kwargs)
[2024-06-18 21:49:55,005][kivy][WARNING] - stderr:   File "/home/julpi/Desktop/Licence-Plate-Detection-and-Recognition-using-YOLO-V8-EasyOCR-main/ultralytics/yolo/engine/predictor.py", line 171, in __call__
[2024-06-18 21:49:55,006][kivy][WARNING] - stderr:     visualize = increment_path(self.save_dir / Path(path).stem, mkdir=True) if self.args.visualize else False
[2024-06-18 21:49:55,006][kivy][WARNING] - stderr:   File "/usr/lib/python3.9/pathlib.py", line 1071, in __new__
[2024-06-18 21:49:55,006][kivy][WARNING] - stderr:     self = cls._from_parts(args, init=False)
[2024-06-18 21:49:55,006][kivy][WARNING] - stderr:   File "/usr/lib/python3.9/pathlib.py", line 696, in _from_parts
[2024-06-18 21:49:55,007][kivy][WARNING] - stderr:     drv, root, parts = self._parse_args(args)
[2024-06-18 21:49:55,007][kivy][WARNING] - stderr:   File "/usr/lib/python3.9/pathlib.py", line 680, in _parse_args
[2024-06-18 21:49:55,008][kivy][WARNING] - stderr:     a = os.fspath(a)
[2024-06-18 21:49:55,008][kivy][WARNING] - stderr: TypeError: expected str, bytes or os.PathLike object, not list
[2024-06-18 21:49:55,009][kivy][WARNING] - stderr: 
[2024-06-18 21:49:55,009][kivy][WARNING] - stderr: Set the environment variable HYDRA_FULL_ERROR=1 for a complete stack trace.
[2024-06-18 21:52:37,256][kivy][WARNING] - stderr: Error executing job with overrides: ['model=best.pt', 'source=0', 'show=true']
[2024-06-18 21:52:37,790][kivy][WARNING] - stderr: Traceback (most recent call last):
[2024-06-18 21:52:37,790][kivy][WARNING] - stderr:   File "/home/julpi/Desktop/Licence-Plate-Detection-and-Recognition-using-YOLO-V8-EasyOCR-main/ZeitpredictWithOCR.py", line 158, in predict
[2024-06-18 21:52:37,790][kivy][WARNING] - stderr:     predictor()
[2024-06-18 21:52:37,790][kivy][WARNING] - stderr:   File "/home/julpi/.local/lib/python3.9/site-packages/torch/utils/_contextlib.py", line 115, in decorate_context
[2024-06-18 21:52:37,791][kivy][WARNING] - stderr:     return func(*args, **kwargs)
[2024-06-18 21:52:37,791][kivy][WARNING] - stderr:   File "/home/julpi/Desktop/Licence-Plate-Detection-and-Recognition-using-YOLO-V8-EasyOCR-main/ultralytics/yolo/engine/predictor.py", line 171, in __call__
[2024-06-18 21:52:37,791][kivy][WARNING] - stderr:     visualize = increment_path(self.save_dir / Path(path).stem, mkdir=True) if self.args.visualize else False
[2024-06-18 21:52:37,791][kivy][WARNING] - stderr:   File "/usr/lib/python3.9/pathlib.py", line 1071, in __new__
[2024-06-18 21:52:37,791][kivy][WARNING] - stderr:     self = cls._from_parts(args, init=False)
[2024-06-18 21:52:37,791][kivy][WARNING] - stderr:   File "/usr/lib/python3.9/pathlib.py", line 696, in _from_parts
[2024-06-18 21:52:37,792][kivy][WARNING] - stderr:     drv, root, parts = self._parse_args(args)
[2024-06-18 21:52:37,792][kivy][WARNING] - stderr:   File "/usr/lib/python3.9/pathlib.py", line 680, in _parse_args
[2024-06-18 21:52:37,792][kivy][WARNING] - stderr:     a = os.fspath(a)
[2024-06-18 21:52:37,792][kivy][WARNING] - stderr: TypeError: expected str, bytes or os.PathLike object, not list
[2024-06-18 21:52:37,792][kivy][WARNING] - stderr: 
[2024-06-18 21:52:37,792][kivy][WARNING] - stderr: Set the environment variable HYDRA_FULL_ERROR=1 for a complete stack trace.
[2024-06-18 21:57:31,965][kivy][WARNING] - stderr: Error executing job with overrides: ['model=best.pt', 'source=0', 'show=true']
[2024-06-18 21:57:32,307][kivy][WARNING] - stderr: Traceback (most recent call last):
[2024-06-18 21:57:32,307][kivy][WARNING] - stderr:   File "/home/julpi/Desktop/Licence-Plate-Detection-and-Recognition-using-YOLO-V8-EasyOCR-main/ZeitpredictWithOCR.py", line 158, in predict
[2024-06-18 21:57:32,307][kivy][WARNING] - stderr:     predictor()
[2024-06-18 21:57:32,308][kivy][WARNING] - stderr:   File "/home/julpi/.local/lib/python3.9/site-packages/torch/utils/_contextlib.py", line 115, in decorate_context
[2024-06-18 21:57:32,308][kivy][WARNING] - stderr:     return func(*args, **kwargs)
[2024-06-18 21:57:32,308][kivy][WARNING] - stderr:   File "/home/julpi/Desktop/Licence-Plate-Detection-and-Recognition-using-YOLO-V8-EasyOCR-main/ultralytics/yolo/engine/predictor.py", line 171, in __call__
[2024-06-18 21:57:32,308][kivy][WARNING] - stderr:     visualize = increment_path(self.save_dir / Path(path).stem, mkdir=True) if self.args.visualize else False
[2024-06-18 21:57:32,308][kivy][WARNING] - stderr:   File "/usr/lib/python3.9/pathlib.py", line 1071, in __new__
[2024-06-18 21:57:32,308][kivy][WARNING] - stderr:     self = cls._from_parts(args, init=False)
[2024-06-18 21:57:32,308][kivy][WARNING] - stderr:   File "/usr/lib/python3.9/pathlib.py", line 696, in _from_parts
[2024-06-18 21:57:32,309][kivy][WARNING] - stderr:     drv, root, parts = self._parse_args(args)
[2024-06-18 21:57:32,309][kivy][WARNING] - stderr:   File "/usr/lib/python3.9/pathlib.py", line 680, in _parse_args
[2024-06-18 21:57:32,309][kivy][WARNING] - stderr:     a = os.fspath(a)
[2024-06-18 21:57:32,309][kivy][WARNING] - stderr: TypeError: expected str, bytes or os.PathLike object, not list
[2024-06-18 21:57:32,309][kivy][WARNING] - stderr: 
[2024-06-18 21:57:32,309][kivy][WARNING] - stderr: Set the environment variable HYDRA_FULL_ERROR=1 for a complete stack trace.
[2024-06-18 21:58:23,709][kivy][WARNING] - stderr: Error executing job with overrides: []
[2024-06-18 21:58:24,191][kivy][WARNING] - stderr: Traceback (most recent call last):
[2024-06-18 21:58:24,192][kivy][WARNING] - stderr:   File "/home/julpi/Desktop/Licence-Plate-Detection-and-Recognition-using-YOLO-V8-EasyOCR-main/ZeitpredictWithOCR.py", line 158, in predict
[2024-06-18 21:58:24,192][kivy][WARNING] - stderr:     predictor()
[2024-06-18 21:58:24,192][kivy][WARNING] - stderr:   File "/home/julpi/.local/lib/python3.9/site-packages/torch/utils/_contextlib.py", line 115, in decorate_context
[2024-06-18 21:58:24,192][kivy][WARNING] - stderr:     return func(*args, **kwargs)
[2024-06-18 21:58:24,192][kivy][WARNING] - stderr:   File "/home/julpi/Desktop/Licence-Plate-Detection-and-Recognition-using-YOLO-V8-EasyOCR-main/ultralytics/yolo/engine/predictor.py", line 171, in __call__
[2024-06-18 21:58:24,192][kivy][WARNING] - stderr:     visualize = increment_path(self.save_dir / Path(path).stem, mkdir=True) if self.args.visualize else False
[2024-06-18 21:58:24,193][kivy][WARNING] - stderr:   File "/usr/lib/python3.9/pathlib.py", line 1071, in __new__
[2024-06-18 21:58:24,193][kivy][WARNING] - stderr:     self = cls._from_parts(args, init=False)
[2024-06-18 21:58:24,193][kivy][WARNING] - stderr:   File "/usr/lib/python3.9/pathlib.py", line 696, in _from_parts
[2024-06-18 21:58:24,193][kivy][WARNING] - stderr:     drv, root, parts = self._parse_args(args)
[2024-06-18 21:58:24,193][kivy][WARNING] - stderr:   File "/usr/lib/python3.9/pathlib.py", line 680, in _parse_args
[2024-06-18 21:58:24,193][kivy][WARNING] - stderr:     a = os.fspath(a)
[2024-06-18 21:58:24,193][kivy][WARNING] - stderr: TypeError: expected str, bytes or os.PathLike object, not list
[2024-06-18 21:58:24,194][kivy][WARNING] - stderr: 
[2024-06-18 21:58:24,194][kivy][WARNING] - stderr: Set the environment variable HYDRA_FULL_ERROR=1 for a complete stack trace.
